1563419974455|43|statement|connection 0|SELECT 1 FROM DUAL|
1563419974590|6|statement|connection 1|SELECT 1 FROM DUAL|
1563419974658|6|statement|connection 2|SELECT 1 FROM DUAL|
1563419974751|6|statement|connection 3|SELECT 1 FROM DUAL|
1563419974819|6|statement|connection 4|SELECT 1 FROM DUAL|
1563428906722|27|statement|connection 0|SELECT 1 FROM DUAL|
1563428906792|6|statement|connection 1|SELECT 1 FROM DUAL|
1563428906858|6|statement|connection 2|SELECT 1 FROM DUAL|
1563428906925|6|statement|connection 3|SELECT 1 FROM DUAL|
1563428906999|6|statement|connection 4|SELECT 1 FROM DUAL|
1563429025328|25|statement|connection 0|SELECT 1 FROM DUAL|
1563429025393|5|statement|connection 1|SELECT 1 FROM DUAL|
1563429025458|6|statement|connection 2|SELECT 1 FROM DUAL|
1563429025524|5|statement|connection 3|SELECT 1 FROM DUAL|
1563429025587|5|statement|connection 4|SELECT 1 FROM DUAL|
1563429091712|29|statement|connection 0|SELECT 1 FROM DUAL|
1563429091785|7|statement|connection 1|SELECT 1 FROM DUAL|
1563429091852|6|statement|connection 2|SELECT 1 FROM DUAL|
1563429091916|6|statement|connection 3|SELECT 1 FROM DUAL|
1563429091984|6|statement|connection 4|SELECT 1 FROM DUAL|
1563429157373|29|statement|connection 0|SELECT 1 FROM DUAL|
1563429157453|7|statement|connection 1|SELECT 1 FROM DUAL|
1563429157526|6|statement|connection 2|SELECT 1 FROM DUAL|
1563429157598|6|statement|connection 3|SELECT 1 FROM DUAL|
1563429157671|6|statement|connection 4|SELECT 1 FROM DUAL|
1563429279164|26|statement|connection 0|SELECT 1 FROM DUAL|
1563429279247|7|statement|connection 1|SELECT 1 FROM DUAL|
1563429279317|6|statement|connection 2|SELECT 1 FROM DUAL|
1563429279381|6|statement|connection 3|SELECT 1 FROM DUAL|
1563429279452|6|statement|connection 4|SELECT 1 FROM DUAL|
1563429622321|24|statement|connection 0|SELECT 1 FROM DUAL|
1563429622397|6|statement|connection 1|SELECT 1 FROM DUAL|
1563429622470|7|statement|connection 2|SELECT 1 FROM DUAL|
1563429622543|7|statement|connection 3|SELECT 1 FROM DUAL|
1563429622612|6|statement|connection 4|SELECT 1 FROM DUAL|
1563429846156|26|statement|connection 0|SELECT 1 FROM DUAL|
1563429846231|6|statement|connection 1|SELECT 1 FROM DUAL|
1563429846302|6|statement|connection 2|SELECT 1 FROM DUAL|
1563429846372|6|statement|connection 3|SELECT 1 FROM DUAL|
1563429846449|6|statement|connection 4|SELECT 1 FROM DUAL|
1563429881801|26|statement|connection 0|SELECT 1 FROM DUAL|
1563429881913|6|statement|connection 1|SELECT 1 FROM DUAL|
1563429881982|6|statement|connection 2|SELECT 1 FROM DUAL|
1563429882061|7|statement|connection 3|SELECT 1 FROM DUAL|
1563429882126|6|statement|connection 4|SELECT 1 FROM DUAL|
1563430085163|25|statement|connection 0|SELECT 1 FROM DUAL|
1563430085271|7|statement|connection 1|SELECT 1 FROM DUAL|
1563430085337|5|statement|connection 2|SELECT 1 FROM DUAL|
1563430085408|7|statement|connection 3|SELECT 1 FROM DUAL|
1563430085478|6|statement|connection 4|SELECT 1 FROM DUAL|
1563431048731|25|statement|connection 0|SELECT 1 FROM DUAL|
1563431048802|6|statement|connection 1|SELECT 1 FROM DUAL|
1563431048875|7|statement|connection 2|SELECT 1 FROM DUAL|
1563431048941|6|statement|connection 3|SELECT 1 FROM DUAL|
1563431049006|6|statement|connection 4|SELECT 1 FROM DUAL|
1563431166281|28|statement|connection 0|SELECT 1 FROM DUAL|
1563431166362|6|statement|connection 1|SELECT 1 FROM DUAL|
1563431166443|5|statement|connection 2|SELECT 1 FROM DUAL|
1563431166512|6|statement|connection 3|SELECT 1 FROM DUAL|
1563431166588|7|statement|connection 4|SELECT 1 FROM DUAL|
1563431470445|43|statement|connection 0|SELECT 1 FROM DUAL|
1563431470524|7|statement|connection 1|SELECT 1 FROM DUAL|
1563431470594|6|statement|connection 2|SELECT 1 FROM DUAL|
1563431470663|7|statement|connection 3|SELECT 1 FROM DUAL|
1563431470749|6|statement|connection 4|SELECT 1 FROM DUAL|
1563431493916|7|statement|connection 4|SELECT  id,userTel,userPwd,addTime,updateTime,status,lastTime,money,version  FROM user|SELECT  id,userTel,userPwd,addTime,updateTime,status,lastTime,money,version  FROM user
1563431534980|39|statement|connection 0|SELECT 1 FROM DUAL|
1563431535057|6|statement|connection 1|SELECT 1 FROM DUAL|
1563431535131|6|statement|connection 2|SELECT 1 FROM DUAL|
1563431535205|7|statement|connection 3|SELECT 1 FROM DUAL|
1563431535280|7|statement|connection 4|SELECT 1 FROM DUAL|
1563431554040|8|statement|connection 4|SELECT id,userTel,userPwd,addTime,updateTime,status,lastTime,money,version FROM user WHERE id=? |SELECT id,userTel,userPwd,addTime,updateTime,status,lastTime,money,version FROM user WHERE id=1
1563431636290|26|statement|connection 0|SELECT 1 FROM DUAL|
1563431636364|6|statement|connection 1|SELECT 1 FROM DUAL|
1563431636438|7|statement|connection 2|SELECT 1 FROM DUAL|
1563431636504|6|statement|connection 3|SELECT 1 FROM DUAL|
1563431636571|5|statement|connection 4|SELECT 1 FROM DUAL|
1563431646386|7|statement|connection 4|SELECT id,userTel,userPwd,addTime,updateTime,status,lastTime,money,version FROM user WHERE id=? |SELECT id,userTel,userPwd,addTime,updateTime,status,lastTime,money,version FROM user WHERE id=1
1563431646519|24|statement|connection 4|INSERT INTO user  ( id, userTel, userPwd, addTime, updateTime, status )  VALUES  ( ?, ?, ?, ?, ?, ? )|INSERT INTO user  ( id, userTel, userPwd, addTime, updateTime, status )  VALUES  ( '30b9f804b5439227b1499611743405f9', '222', '11', '2019-07-18T14:34:06.465', '2019-07-18T14:34:06.465', 1 )
1563431777143|26|statement|connection 0|SELECT 1 FROM DUAL|
1563431777214|6|statement|connection 1|SELECT 1 FROM DUAL|
1563431777285|7|statement|connection 2|SELECT 1 FROM DUAL|
1563431777358|6|statement|connection 3|SELECT 1 FROM DUAL|
1563431777430|6|statement|connection 4|SELECT 1 FROM DUAL|
1563431828400|48|statement|connection 0|SELECT 1 FROM DUAL|
1563431828473|6|statement|connection 1|SELECT 1 FROM DUAL|
1563431828538|6|statement|connection 2|SELECT 1 FROM DUAL|
1563431828601|5|statement|connection 3|SELECT 1 FROM DUAL|
1563431828678|6|statement|connection 4|SELECT 1 FROM DUAL|
1563431928112|33|statement|connection 0|SELECT 1 FROM DUAL|
1563431928196|6|statement|connection 1|SELECT 1 FROM DUAL|
1563431928314|16|statement|connection 2|SELECT 1 FROM DUAL|
1563431928424|6|statement|connection 3|SELECT 1 FROM DUAL|
1563431928511|6|statement|connection 4|SELECT 1 FROM DUAL|
1563431952401|8|statement|connection 4|SELECT  id,userTel,userPwd,addTime,updateTime,status,lastTime,money,version  FROM user     WHERE userTel = ?|SELECT  id,userTel,userPwd,addTime,updateTime,status,lastTime,money,version  FROM user     WHERE userTel = '222'
1563432004186|25|statement|connection 0|SELECT 1 FROM DUAL|
1563432004264|7|statement|connection 1|SELECT 1 FROM DUAL|
1563432004335|6|statement|connection 2|SELECT 1 FROM DUAL|
1563432004411|6|statement|connection 3|SELECT 1 FROM DUAL|
1563432004480|6|statement|connection 4|SELECT 1 FROM DUAL|
1563432024242|8|statement|connection 4|SELECT  id,userTel,userPwd,addTime,updateTime,status,lastTime,money,version  FROM user     WHERE userTel = ?|SELECT  id,userTel,userPwd,addTime,updateTime,status,lastTime,money,version  FROM user     WHERE userTel = '222'
1563432024328|14|statement|connection 4|INSERT INTO user  ( id, userTel, userPwd, addTime, updateTime, status )  VALUES  ( ?, ?, ?, ?, ?, ? )|INSERT INTO user  ( id, userTel, userPwd, addTime, updateTime, status )  VALUES  ( '0fff5a95444a41287df89402f863a06e', '222', '11', '2019-07-18T14:40:24.308', '2019-07-18T14:40:24.308', 1 )
1563432329822|24|statement|connection 0|SELECT 1 FROM DUAL|
1563432329903|6|statement|connection 1|SELECT 1 FROM DUAL|
1563432329975|6|statement|connection 2|SELECT 1 FROM DUAL|
1563432330042|6|statement|connection 3|SELECT 1 FROM DUAL|
1563432330110|6|statement|connection 4|SELECT 1 FROM DUAL|
1563432402272|28|statement|connection 0|SELECT 1 FROM DUAL|
1563432402348|6|statement|connection 1|SELECT 1 FROM DUAL|
1563432402417|6|statement|connection 2|SELECT 1 FROM DUAL|
1563432402489|6|statement|connection 3|SELECT 1 FROM DUAL|
1563432402551|4|statement|connection 4|SELECT 1 FROM DUAL|
1563432493082|23|statement|connection 0|SELECT 1 FROM DUAL|
1563432493154|6|statement|connection 1|SELECT 1 FROM DUAL|
1563432493222|6|statement|connection 2|SELECT 1 FROM DUAL|
1563432493287|6|statement|connection 3|SELECT 1 FROM DUAL|
1563432493353|6|statement|connection 4|SELECT 1 FROM DUAL|
1563432535168|24|statement|connection 0|SELECT 1 FROM DUAL|
1563432535240|6|statement|connection 1|SELECT 1 FROM DUAL|
1563432535312|7|statement|connection 2|SELECT 1 FROM DUAL|
1563432535383|6|statement|connection 3|SELECT 1 FROM DUAL|
1563432535457|7|statement|connection 4|SELECT 1 FROM DUAL|
1563432888664|24|statement|connection 0|SELECT 1 FROM DUAL|
1563432888759|6|statement|connection 1|SELECT 1 FROM DUAL|
1563432888836|7|statement|connection 2|SELECT 1 FROM DUAL|
1563432888907|7|statement|connection 3|SELECT 1 FROM DUAL|
1563432888982|7|statement|connection 4|SELECT 1 FROM DUAL|
1563432933036|25|statement|connection 0|SELECT 1 FROM DUAL|
1563432933108|4|statement|connection 1|SELECT 1 FROM DUAL|
1563432933178|7|statement|connection 2|SELECT 1 FROM DUAL|
1563432933246|6|statement|connection 3|SELECT 1 FROM DUAL|
1563432933322|6|statement|connection 4|SELECT 1 FROM DUAL|
1563434483011|24|statement|connection 0|SELECT 1 FROM DUAL|
1563434483089|7|statement|connection 1|SELECT 1 FROM DUAL|
1563434483157|6|statement|connection 2|SELECT 1 FROM DUAL|
1563434483226|5|statement|connection 3|SELECT 1 FROM DUAL|
1563434483302|6|statement|connection 4|SELECT 1 FROM DUAL|
1563434559314|24|statement|connection 0|SELECT 1 FROM DUAL|
1563434559390|6|statement|connection 1|SELECT 1 FROM DUAL|
1563434559467|9|statement|connection 2|SELECT 1 FROM DUAL|
1563434559537|5|statement|connection 3|SELECT 1 FROM DUAL|
1563434559614|7|statement|connection 4|SELECT 1 FROM DUAL|
1563436180064|25|statement|connection 0|SELECT 1 FROM DUAL|
1563436180138|9|statement|connection 1|SELECT 1 FROM DUAL|
1563436180205|7|statement|connection 2|SELECT 1 FROM DUAL|
1563436180288|7|statement|connection 3|SELECT 1 FROM DUAL|
1563436180353|5|statement|connection 4|SELECT 1 FROM DUAL|
1563436302005|25|statement|connection 0|SELECT 1 FROM DUAL|
1563436302082|6|statement|connection 1|SELECT 1 FROM DUAL|
1563436302148|6|statement|connection 2|SELECT 1 FROM DUAL|
1563436302221|6|statement|connection 3|SELECT 1 FROM DUAL|
1563436302286|6|statement|connection 4|SELECT 1 FROM DUAL|
1563436386482|24|statement|connection 0|SELECT 1 FROM DUAL|
1563436386556|6|statement|connection 1|SELECT 1 FROM DUAL|
1563436386630|7|statement|connection 2|SELECT 1 FROM DUAL|
1563436386692|4|statement|connection 3|SELECT 1 FROM DUAL|
1563436386764|7|statement|connection 4|SELECT 1 FROM DUAL|
1563436452800|13|statement|connection 4|SELECT 1 FROM DUAL|
1563436452840|7|statement|connection 4|SELECT  id,userTel,userPwd,addTime,updateTime,status,lastTime,money,version  FROM user     WHERE userTel = ?|SELECT  id,userTel,userPwd,addTime,updateTime,status,lastTime,money,version  FROM user     WHERE userTel = '13057207137'
1563436452925|15|statement|connection 4|INSERT INTO user  ( id, userTel, userPwd, addTime, updateTime, status )  VALUES  ( ?, ?, ?, ?, ?, ? )|INSERT INTO user  ( id, userTel, userPwd, addTime, updateTime, status )  VALUES  ( 'ce95f9c737e6b27b5bfd54c4ea71bf47', '13057207137', '233', '2019-07-18T15:54:12.904', '2019-07-18T15:54:12.904', 1 )
1563436515000|23|statement|connection 0|SELECT 1 FROM DUAL|
1563436515074|6|statement|connection 1|SELECT 1 FROM DUAL|
1563436515149|7|statement|connection 2|SELECT 1 FROM DUAL|
1563436515225|7|statement|connection 3|SELECT 1 FROM DUAL|
1563436515297|7|statement|connection 4|SELECT 1 FROM DUAL|
1563436553756|23|statement|connection 0|SELECT 1 FROM DUAL|
1563436553836|7|statement|connection 1|SELECT 1 FROM DUAL|
1563436553908|6|statement|connection 2|SELECT 1 FROM DUAL|
1563436553978|6|statement|connection 3|SELECT 1 FROM DUAL|
1563436554050|6|statement|connection 4|SELECT 1 FROM DUAL|
1563436597384|7|statement|connection 4|SELECT  id,userTel,userPwd,addTime,updateTime,status,lastTime,money,version  FROM user     WHERE userTel = ?|SELECT  id,userTel,userPwd,addTime,updateTime,status,lastTime,money,version  FROM user     WHERE userTel = '13057207137'
1563436850730|23|statement|connection 0|SELECT 1 FROM DUAL|
1563436850802|7|statement|connection 1|SELECT 1 FROM DUAL|
1563436850882|6|statement|connection 2|SELECT 1 FROM DUAL|
1563436850949|6|statement|connection 3|SELECT 1 FROM DUAL|
1563436851016|6|statement|connection 4|SELECT 1 FROM DUAL|
1563436862285|7|statement|connection 4|SELECT  id,userTel,userPwd,addTime,updateTime,status,lastTime,money,version  FROM user     WHERE userTel = ?|SELECT  id,userTel,userPwd,addTime,updateTime,status,lastTime,money,version  FROM user     WHERE userTel = '13057207137'
